INFO [2024-01-12 11:54:38] $x
INFO [2024-01-12 11:54:38] set_list
INFO [2024-01-12 11:54:38] 
INFO [2024-01-12 11:54:38] $category.names
INFO [2024-01-12 11:54:38] c("Predatory Journals List", "ABDC List", "Retraction List")
INFO [2024-01-12 11:54:38] 
INFO [2024-01-12 11:54:38] $fill
INFO [2024-01-12 11:54:38] colors
INFO [2024-01-12 11:54:38] 
INFO [2024-01-12 11:54:38] $alpha
INFO [2024-01-12 11:54:38] [1] 0.5
INFO [2024-01-12 11:54:38] 
INFO [2024-01-12 11:54:38] $label.col
INFO [2024-01-12 11:54:38] [1] "black"
INFO [2024-01-12 11:54:38] 
INFO [2024-01-12 11:54:38] $cex
INFO [2024-01-12 11:54:38] [1] 1.5
INFO [2024-01-12 11:54:38] 
INFO [2024-01-12 11:54:38] $fontface
INFO [2024-01-12 11:54:38] [1] "bold"
INFO [2024-01-12 11:54:38] 
INFO [2024-01-12 11:54:38] $cat.col
INFO [2024-01-12 11:54:38] colors
INFO [2024-01-12 11:54:38] 
INFO [2024-01-12 11:54:38] $cat.cex
INFO [2024-01-12 11:54:38] [1] 1.5
INFO [2024-01-12 11:54:38] 
INFO [2024-01-12 11:54:38] $cat.fontface
INFO [2024-01-12 11:54:38] [1] "bold"
INFO [2024-01-12 11:54:38] 
INFO [2024-01-12 11:54:38] $cat.default.pos
INFO [2024-01-12 11:54:38] [1] "text"
INFO [2024-01-12 11:54:38] 
INFO [2024-01-12 11:54:38] $cat.dist
INFO [2024-01-12 11:54:38] [1] 0.07
INFO [2024-01-12 11:54:38] 
INFO [2024-01-12 11:54:38] $filename
INFO [2024-01-12 11:54:38] [1] "venn.png"
INFO [2024-01-12 11:54:38] 
