INFO [2024-01-12 10:54:44] $x
INFO [2024-01-12 10:54:44] set_list
INFO [2024-01-12 10:54:44] 
INFO [2024-01-12 10:54:44] $category.names
INFO [2024-01-12 10:54:44] c("Predatory Journals List", "ABDC List", "Retraction List")
INFO [2024-01-12 10:54:44] 
INFO [2024-01-12 10:54:44] $fill
INFO [2024-01-12 10:54:44] colors
INFO [2024-01-12 10:54:44] 
INFO [2024-01-12 10:54:44] $alpha
INFO [2024-01-12 10:54:44] [1] 0.5
INFO [2024-01-12 10:54:44] 
INFO [2024-01-12 10:54:44] $label.col
INFO [2024-01-12 10:54:44] [1] "black"
INFO [2024-01-12 10:54:44] 
INFO [2024-01-12 10:54:44] $cex
INFO [2024-01-12 10:54:44] [1] 1.5
INFO [2024-01-12 10:54:44] 
INFO [2024-01-12 10:54:44] $fontface
INFO [2024-01-12 10:54:44] [1] "bold"
INFO [2024-01-12 10:54:44] 
INFO [2024-01-12 10:54:44] $cat.col
INFO [2024-01-12 10:54:44] colors
INFO [2024-01-12 10:54:44] 
INFO [2024-01-12 10:54:44] $cat.cex
INFO [2024-01-12 10:54:44] [1] 1.5
INFO [2024-01-12 10:54:44] 
INFO [2024-01-12 10:54:44] $cat.fontface
INFO [2024-01-12 10:54:44] [1] "bold"
INFO [2024-01-12 10:54:44] 
INFO [2024-01-12 10:54:44] $cat.default.pos
INFO [2024-01-12 10:54:44] [1] "text"
INFO [2024-01-12 10:54:44] 
INFO [2024-01-12 10:54:44] $cat.dist
INFO [2024-01-12 10:54:44] [1] 0.07
INFO [2024-01-12 10:54:44] 
INFO [2024-01-12 10:54:44] $filename
INFO [2024-01-12 10:54:44] [1] "venn.png"
INFO [2024-01-12 10:54:44] 
