INFO [2024-01-13 06:57:42] $x
INFO [2024-01-13 06:57:42] list_of_lists
INFO [2024-01-13 06:57:42] 
INFO [2024-01-13 06:57:42] $category.names
INFO [2024-01-13 06:57:42] c("ABDC", "Retraction", "Predatory")
INFO [2024-01-13 06:57:42] 
INFO [2024-01-13 06:57:42] $filename
INFO [2024-01-13 06:57:42] output_filename
INFO [2024-01-13 06:57:42] 
INFO [2024-01-13 06:57:42] $output
INFO [2024-01-13 06:57:42] [1] TRUE
INFO [2024-01-13 06:57:42] 
INFO [2024-01-13 06:57:42] $height
INFO [2024-01-13 06:57:42] [1] 480
INFO [2024-01-13 06:57:42] 
INFO [2024-01-13 06:57:42] $width
INFO [2024-01-13 06:57:42] [1] 480
INFO [2024-01-13 06:57:42] 
INFO [2024-01-13 06:57:42] $resolution
INFO [2024-01-13 06:57:42] [1] 300
INFO [2024-01-13 06:57:42] 
INFO [2024-01-13 06:57:42] $compression
INFO [2024-01-13 06:57:42] [1] "lzw"
INFO [2024-01-13 06:57:42] 
INFO [2024-01-13 06:57:42] $units
INFO [2024-01-13 06:57:42] [1] "px"
INFO [2024-01-13 06:57:42] 
INFO [2024-01-13 06:57:42] $lwd
INFO [2024-01-13 06:57:42] [1] 2
INFO [2024-01-13 06:57:42] 
INFO [2024-01-13 06:57:42] $col
INFO [2024-01-13 06:57:42] [1] "transparent"
INFO [2024-01-13 06:57:42] 
INFO [2024-01-13 06:57:42] $fill
INFO [2024-01-13 06:57:42] c("cornflowerblue", "green", "yellow")
INFO [2024-01-13 06:57:42] 
INFO [2024-01-13 06:57:42] $alpha
INFO [2024-01-13 06:57:42] [1] 0.5
INFO [2024-01-13 06:57:42] 
INFO [2024-01-13 06:57:42] $label.col
INFO [2024-01-13 06:57:42] c("orange", "white", "darkblue")
INFO [2024-01-13 06:57:42] 
INFO [2024-01-13 06:57:42] $cex
INFO [2024-01-13 06:57:42] [1] 1.5
INFO [2024-01-13 06:57:42] 
INFO [2024-01-13 06:57:42] $fontface
INFO [2024-01-13 06:57:42] [1] "bold"
INFO [2024-01-13 06:57:42] 
INFO [2024-01-13 06:57:42] $cat.col
INFO [2024-01-13 06:57:42] c("cornflowerblue", "green", "yellow")
INFO [2024-01-13 06:57:42] 
INFO [2024-01-13 06:57:42] $cat.cex
INFO [2024-01-13 06:57:42] [1] 1.5
INFO [2024-01-13 06:57:42] 
INFO [2024-01-13 06:57:42] $cat.fontface
INFO [2024-01-13 06:57:42] [1] "bold"
INFO [2024-01-13 06:57:42] 
INFO [2024-01-13 06:57:42] $cat.default.pos
INFO [2024-01-13 06:57:42] [1] "text"
INFO [2024-01-13 06:57:42] 
INFO [2024-01-13 06:57:42] $cat.dist
INFO [2024-01-13 06:57:42] [1] 0.05
INFO [2024-01-13 06:57:42] 
INFO [2024-01-13 06:57:42] $cat.pos
INFO [2024-01-13 06:57:42] c(-20, 14, 20)
INFO [2024-01-13 06:57:42] 
ERROR [2024-01-13 06:57:42] Unexpected parameter length for "label.col"
