INFO [2024-01-12 11:55:42] $x
INFO [2024-01-12 11:55:42] set_list
INFO [2024-01-12 11:55:42] 
INFO [2024-01-12 11:55:42] $category.names
INFO [2024-01-12 11:55:42] c("Predatory Journals List", "ABDC List", "Retraction List")
INFO [2024-01-12 11:55:42] 
INFO [2024-01-12 11:55:42] $fill
INFO [2024-01-12 11:55:42] colors
INFO [2024-01-12 11:55:42] 
INFO [2024-01-12 11:55:42] $alpha
INFO [2024-01-12 11:55:42] [1] 0.5
INFO [2024-01-12 11:55:42] 
INFO [2024-01-12 11:55:42] $label.col
INFO [2024-01-12 11:55:42] [1] "black"
INFO [2024-01-12 11:55:42] 
INFO [2024-01-12 11:55:42] $cex
INFO [2024-01-12 11:55:42] [1] 1.5
INFO [2024-01-12 11:55:42] 
INFO [2024-01-12 11:55:42] $fontface
INFO [2024-01-12 11:55:42] [1] "bold"
INFO [2024-01-12 11:55:42] 
INFO [2024-01-12 11:55:42] $cat.col
INFO [2024-01-12 11:55:42] colors
INFO [2024-01-12 11:55:42] 
INFO [2024-01-12 11:55:42] $cat.cex
INFO [2024-01-12 11:55:42] [1] 1.5
INFO [2024-01-12 11:55:42] 
INFO [2024-01-12 11:55:42] $cat.fontface
INFO [2024-01-12 11:55:42] [1] "bold"
INFO [2024-01-12 11:55:42] 
INFO [2024-01-12 11:55:42] $cat.default.pos
INFO [2024-01-12 11:55:42] [1] "text"
INFO [2024-01-12 11:55:42] 
INFO [2024-01-12 11:55:42] $cat.dist
INFO [2024-01-12 11:55:42] [1] 0.07
INFO [2024-01-12 11:55:42] 
INFO [2024-01-12 11:55:42] $filename
INFO [2024-01-12 11:55:42] [1] "venn.png"
INFO [2024-01-12 11:55:42] 
