INFO [2024-01-12 11:55:50] $x
INFO [2024-01-12 11:55:50] set_list
INFO [2024-01-12 11:55:50] 
INFO [2024-01-12 11:55:50] $category.names
INFO [2024-01-12 11:55:50] c("Predatory Journals List", "ABDC List", "Retraction List")
INFO [2024-01-12 11:55:50] 
INFO [2024-01-12 11:55:50] $fill
INFO [2024-01-12 11:55:50] colors
INFO [2024-01-12 11:55:50] 
INFO [2024-01-12 11:55:50] $alpha
INFO [2024-01-12 11:55:50] [1] 0.5
INFO [2024-01-12 11:55:50] 
INFO [2024-01-12 11:55:50] $label.col
INFO [2024-01-12 11:55:50] [1] "black"
INFO [2024-01-12 11:55:50] 
INFO [2024-01-12 11:55:50] $cex
INFO [2024-01-12 11:55:50] [1] 1.5
INFO [2024-01-12 11:55:50] 
INFO [2024-01-12 11:55:50] $fontface
INFO [2024-01-12 11:55:50] [1] "bold"
INFO [2024-01-12 11:55:50] 
INFO [2024-01-12 11:55:50] $cat.col
INFO [2024-01-12 11:55:50] colors
INFO [2024-01-12 11:55:50] 
INFO [2024-01-12 11:55:50] $cat.cex
INFO [2024-01-12 11:55:50] [1] 1.5
INFO [2024-01-12 11:55:50] 
INFO [2024-01-12 11:55:50] $cat.fontface
INFO [2024-01-12 11:55:50] [1] "bold"
INFO [2024-01-12 11:55:50] 
INFO [2024-01-12 11:55:50] $cat.default.pos
INFO [2024-01-12 11:55:50] [1] "text"
INFO [2024-01-12 11:55:50] 
INFO [2024-01-12 11:55:50] $cat.dist
INFO [2024-01-12 11:55:50] [1] 0.07
INFO [2024-01-12 11:55:50] 
INFO [2024-01-12 11:55:50] $filename
INFO [2024-01-12 11:55:50] [1] "venn.png"
INFO [2024-01-12 11:55:50] 
