INFO [2024-01-13 06:58:00] $x
INFO [2024-01-13 06:58:00] list_of_lists
INFO [2024-01-13 06:58:00] 
INFO [2024-01-13 06:58:00] $category.names
INFO [2024-01-13 06:58:00] c("ABDC", "Retraction", "Predatory")
INFO [2024-01-13 06:58:00] 
INFO [2024-01-13 06:58:00] $filename
INFO [2024-01-13 06:58:00] output_filename
INFO [2024-01-13 06:58:00] 
INFO [2024-01-13 06:58:00] $output
INFO [2024-01-13 06:58:00] [1] TRUE
INFO [2024-01-13 06:58:00] 
INFO [2024-01-13 06:58:00] $height
INFO [2024-01-13 06:58:00] [1] 480
INFO [2024-01-13 06:58:00] 
INFO [2024-01-13 06:58:00] $width
INFO [2024-01-13 06:58:00] [1] 480
INFO [2024-01-13 06:58:00] 
INFO [2024-01-13 06:58:00] $resolution
INFO [2024-01-13 06:58:00] [1] 300
INFO [2024-01-13 06:58:00] 
INFO [2024-01-13 06:58:00] $compression
INFO [2024-01-13 06:58:00] [1] "lzw"
INFO [2024-01-13 06:58:00] 
INFO [2024-01-13 06:58:00] $units
INFO [2024-01-13 06:58:00] [1] "px"
INFO [2024-01-13 06:58:00] 
INFO [2024-01-13 06:58:00] $lwd
INFO [2024-01-13 06:58:00] [1] 2
INFO [2024-01-13 06:58:00] 
INFO [2024-01-13 06:58:00] $col
INFO [2024-01-13 06:58:00] [1] "transparent"
INFO [2024-01-13 06:58:00] 
INFO [2024-01-13 06:58:00] $fill
INFO [2024-01-13 06:58:00] c("cornflowerblue", "green", "yellow")
INFO [2024-01-13 06:58:00] 
INFO [2024-01-13 06:58:00] $alpha
INFO [2024-01-13 06:58:00] [1] 0.5
INFO [2024-01-13 06:58:00] 
INFO [2024-01-13 06:58:00] $cex
INFO [2024-01-13 06:58:00] [1] 1.5
INFO [2024-01-13 06:58:00] 
INFO [2024-01-13 06:58:00] $fontface
INFO [2024-01-13 06:58:00] [1] "bold"
INFO [2024-01-13 06:58:00] 
INFO [2024-01-13 06:58:00] $cat.col
INFO [2024-01-13 06:58:00] c("cornflowerblue", "green", "yellow")
INFO [2024-01-13 06:58:00] 
INFO [2024-01-13 06:58:00] $cat.cex
INFO [2024-01-13 06:58:00] [1] 1.5
INFO [2024-01-13 06:58:00] 
INFO [2024-01-13 06:58:00] $cat.fontface
INFO [2024-01-13 06:58:00] [1] "bold"
INFO [2024-01-13 06:58:00] 
INFO [2024-01-13 06:58:00] $cat.default.pos
INFO [2024-01-13 06:58:00] [1] "text"
INFO [2024-01-13 06:58:00] 
INFO [2024-01-13 06:58:00] $cat.dist
INFO [2024-01-13 06:58:00] [1] 0.05
INFO [2024-01-13 06:58:00] 
INFO [2024-01-13 06:58:00] $cat.pos
INFO [2024-01-13 06:58:00] c(-20, 14, 20)
INFO [2024-01-13 06:58:00] 
